[38;5;112m[Appium][0m Welcome to Appium v2.12.0
[38;5;112m[Appium][0m Non-default server args:
[38;5;112m[Appium][0m { basePath: [32m'/wd/hub'[39m, loglevel: [32m'info'[39m, port: [33m60803[39m }
[38;5;112m[Appium][0m Attempting to load driver uiautomator2...
[38;5;112m[Appium][0m Appium REST http interface listener started on http://0.0.0.0:60803/wd/hub
[38;5;112m[Appium][0m You can provide the following URLs in your client code to connect to this server:
	http://192.168.123.190:60803/wd/hub
	http://127.0.0.1:60803/wd/hub (only accessible from the same host)
[38;5;112m[Appium][0m Available drivers:
[38;5;112m[Appium][0m   - uiautomator2@3.8.1 (automationName 'UiAutomator2')
[38;5;112m[Appium][0m No plugins have been installed. Use the "appium plugin" command to install the one(s) you want to use.
[38;5;86m[HTTP][0m [37m-->[39m [37mGET[39m [37m/wd/hub/status[39m [90m{}[39m
[38;5;86m[HTTP][0m [37m<-- GET /wd/hub/status [39m[32m200[39m [90m25 ms - 111[39m [90m[39m
[38;5;86m[HTTP][0m [37m-->[39m [37mPOST[39m [37m/wd/hub/session[39m [90m{"desiredCapabilities":{"appium:systemPort":60802,"appium:newCommandTimeout":1800,"appium:automationName":"uiautomator2","appium:fullReset":true,"appium:platformVersion":"11","appium:noReset":false,"appium:udid":"061972513T000542","appium:autoGrantPermissions":true,"appium:platformName":"ANDROID","appium:deviceName":"INFINIX MOBILITY LIMITED Infinix X688B (Android 11)","platformName":"Android","appium:app":"D:\\My Data\\Downloads\\Happy Day Shopping1.7.apk"},"capabilities":{"firstMatch":[{"appium:app":"D:\\My Data\\Downloads\\Happy Day Shopping1.7.apk","appium:autoGrantPermissions":true,"appium:automationName":"uiautomator2","appium:deviceName":"INFINIX MOBILITY LIMITED Infinix X688B (Android 11)","appium:fullReset":true,"appium:newCommandTimeout":1800,"appium:noReset":false,"appium:platformName":"ANDROID","appium:platformVersion":"11","appium:systemPort":60802,"appium:udid":"061972513T000542","platformName":"android"}]}}[39m
[38;5;123m[BaseDriver][0m Ignoring capability 'appium:platformName=ANDROID' and using capability 'platformName=android'
[38;5;123m[BaseDriver][0m The capabilities ["platformName"] are standard capabilities and do not require "appium:" prefix
[38;5;112m[Appium][0m Attempting to find matching driver for automationName 'uiautomator2' and platformName 'android'
[38;5;112m[Appium][0m The 'uiautomator2' driver was installed and matched caps.
[38;5;112m[Appium][0m Will require it at C:\Users\Marie Hendriks\.appium\node_modules\appium-uiautomator2-driver
[38;5;176m[AppiumDriver@658e][0m Appium v2.12.0 creating new AndroidUiautomator2Driver (v3.8.1) session
[38;5;176m[AppiumDriver@658e][0m Checking BaseDriver versions for Appium and AndroidUiautomator2Driver
[38;5;176m[AppiumDriver@658e][0m Appium's BaseDriver version is 9.12.0
[38;5;176m[AppiumDriver@658e][0m AndroidUiautomator2Driver's BaseDriver version is 9.12.0
[38;5;46m[1de82417][0m[38;5;-127m[AndroidUiautomator2Driver@68ec][0m Session created with session id: 1de82417-4304-43d3-8ba9-85c72ecc05de
[38;5;46m[1de82417][0m[38;5;229m[ADB][0m Found 2 'build-tools' folders under 'C:\Users\Marie Hendriks\AppData\Local\Android\Sdk' (newest first):
[38;5;46m[1de82417][0m[38;5;229m[ADB][0m     C:\Users\Marie Hendriks\AppData\Local\Android\Sdk\build-tools\35.0.0
[38;5;46m[1de82417][0m[38;5;229m[ADB][0m     C:\Users\Marie Hendriks\AppData\Local\Android\Sdk\build-tools\34.0.0
[38;5;46m[1de82417][0m[38;5;229m[ADB][0m Using 'adb.exe' from 'C:\Users\Marie Hendriks\AppData\Local\Android\Sdk\platform-tools\adb.exe'
[38;5;46m[1de82417][0m[38;5;-127m[AndroidUiautomator2Driver@68ec][0m Retrieving device list
[38;5;46m[1de82417][0m[38;5;-127m[AndroidUiautomator2Driver@68ec][0m Using device: 061972513T000542
[38;5;46m[1de82417][0m[38;5;229m[ADB][0m Using 'adb.exe' from 'C:\Users\Marie Hendriks\AppData\Local\Android\Sdk\platform-tools\adb.exe'
[38;5;46m[1de82417][0m[38;5;123m[BaseDriver][0m Using local app 'D:\My Data\Downloads\Happy Day Shopping1.7.apk'
[38;5;46m[1de82417][0m[38;5;229m[ADB][0m Getting device platform version
[38;5;46m[1de82417][0m[38;5;-127m[AndroidUiautomator2Driver@68ec][0m Relaxing hidden api policy
[38;5;46m[1de82417][0m[38;5;229m[ADB][0m Using 'aapt2.exe' from 'C:\Users\Marie Hendriks\AppData\Local\Android\Sdk\build-tools\35.0.0\aapt2.exe'
[38;5;46m[1de82417][0m[38;5;229m[ADB][0m Package name: 'com.ecwid.ShopAt.HappyDayShopping'
[38;5;46m[1de82417][0m[38;5;229m[ADB][0m Main activity name: 'com.pb.MainActivity'
[38;5;46m[1de82417][0m[38;5;-127m[AndroidUiautomator2Driver@68ec][0m Server packages are not going to be (re)installed
[38;5;46m[1de82417][0m[38;5;229m[ADB][0m Adding packages ["io.appium.settings","io.appium.uiautomator2.server","io.appium.uiautomator2.server.test"] to Doze whitelist
[38;5;46m[1de82417][0m[38;5;229m[ADB][0m Using 'apksigner.jar' from 'C:\Users\Marie Hendriks\AppData\Local\Android\Sdk\build-tools\35.0.0\lib\apksigner.jar'
[38;5;46m[1de82417][0m[38;5;229m[ADB][0m 'D:\My Data\Downloads\Happy Day Shopping1.7.apk' is signed with a non-default certificate
[38;5;46m[1de82417][0m[38;5;229m[ADB][0m com.ecwid.ShopAt.HappyDayShopping was not uninstalled, because it was not present on the device
[38;5;46m[1de82417][0m[38;5;229m[ADB][0m The application at 'D:\My Data\Downloads\Happy Day Shopping1.7.apk' will not be cached, because the device under test has confirmed the support of streamed installs
[38;5;46m[1de82417][0m[38;5;229m[ADB][0m The installation of 'Happy Day Shopping1.7.apk' took 11607ms
[38;5;46m[1de82417][0m[38;5;-127m[AndroidUiautomator2Driver@68ec][0m Starting UIAutomator2 server 7.1.1
[38;5;46m[1de82417][0m[38;5;-127m[AndroidUiautomator2Driver@68ec][0m Using UIAutomator2 server from 'C:\Users\Marie Hendriks\.appium\node_modules\appium-uiautomator2-driver\node_modules\appium-uiautomator2-server\apks\appium-uiautomator2-server-v7.1.1.apk' and test from 'C:\Users\Marie Hendriks\.appium\node_modules\appium-uiautomator2-driver\node_modules\appium-uiautomator2-server\apks\appium-uiautomator2-server-debug-androidTest.apk'
[38;5;46m[1de82417][0m[38;5;-127m[AndroidUiautomator2Driver@68ec][0m Waiting up to 30000ms for UiAutomator2 to be online...
[38;5;46m[1de82417][0m[38;5;-127m[AndroidUiautomator2Driver@68ec][0m socket hang up
[38;5;46m[1de82417][0m[38;5;-127m[AndroidUiautomator2Driver@68ec][0m socket hang up
[38;5;46m[1de82417][0m[38;5;-127m[AndroidUiautomator2Driver@68ec][0m socket hang up
[38;5;46m[1de82417][0m[38;5;-127m[AndroidUiautomator2Driver@68ec][0m socket hang up
[38;5;46m[1de82417][0m[38;5;-127m[AndroidUiautomator2Driver@68ec][0m socket hang up
[38;5;46m[1de82417][0m[38;5;-127m[AndroidUiautomator2Driver@68ec][0m socket hang up
[38;5;46m[1de82417][0m[38;5;-127m[AndroidUiautomator2Driver@68ec][0m socket hang up
[38;5;46m[1de82417][0m[38;5;-127m[AndroidUiautomator2Driver@68ec][0m Determined the downstream protocol as 'W3C'
[38;5;46m[1de82417][0m[38;5;-127m[AndroidUiautomator2Driver@68ec][0m Screen already unlocked, doing nothing
[38;5;46m[1de82417][0m[38;5;-127m[AndroidUiautomator2Driver@68ec][0m Starting 'com.ecwid.ShopAt.HappyDayShopping/com.pb.MainActivity and waiting for 'com.ecwid.ShopAt.HappyDayShopping/com.pb.MainActivity'
[38;5;46m[1de82417][0m[38;5;176m[AppiumDriver@658e][0m New AndroidUiautomator2Driver session created successfully, session 1de82417-4304-43d3-8ba9-85c72ecc05de added to master session list
[38;5;46m[1de82417][0m[38;5;86m[HTTP][0m [37m<-- POST /wd/hub/session [39m[32m200[39m [90m29839 ms - 1256[39m [90m[39m
[38;5;46m[1de82417][0m[38;5;86m[HTTP][0m [37m-->[39m [37mGET[39m [37m/wd/hub/session/1de82417-4304-43d3-8ba9-85c72ecc05de[39m [90m{}[39m
[38;5;46m[1de82417][0m[38;5;86m[HTTP][0m [37m<-- GET /wd/hub/session/1de82417-4304-43d3-8ba9-85c72ecc05de [39m[32m200[39m [90m53 ms - 369[39m [90m[39m
[38;5;46m[1de82417][0m[38;5;86m[HTTP][0m [37m-->[39m [37mGET[39m [37m/wd/hub/session/1de82417-4304-43d3-8ba9-85c72ecc05de[39m [90m{}[39m
[38;5;46m[1de82417][0m[38;5;86m[HTTP][0m [37m<-- GET /wd/hub/session/1de82417-4304-43d3-8ba9-85c72ecc05de [39m[32m200[39m [90m37 ms - 369[39m [90m[39m
[38;5;86m[HTTP][0m [37m-->[39m [37mGET[39m [37m/wd/hub/status[39m [90m{}[39m
[38;5;86m[HTTP][0m [37m<-- GET /wd/hub/status [39m[32m200[39m [90m2 ms - 111[39m [90m[39m
[38;5;46m[1de82417][0m[38;5;86m[HTTP][0m [37m-->[39m [37mPOST[39m [37m/wd/hub/session/1de82417-4304-43d3-8ba9-85c72ecc05de/timeouts[39m [90m{"implicit":30000}[39m
[38;5;46m[1de82417][0m[38;5;86m[HTTP][0m [37m<-- POST /wd/hub/session/1de82417-4304-43d3-8ba9-85c72ecc05de/timeouts [39m[32m200[39m [90m13 ms - 14[39m [90m[39m
[38;5;46m[1de82417][0m[38;5;86m[HTTP][0m [37m-->[39m [37mGET[39m [37m/wd/hub/session/1de82417-4304-43d3-8ba9-85c72ecc05de/appium/device/system_bars[39m [90m{}[39m
[38;5;46m[1de82417][0m[38;5;86m[HTTP][0m [37m<-- GET /wd/hub/session/1de82417-4304-43d3-8ba9-85c72ecc05de/appium/device/system_bars [39m[32m200[39m [90m311 ms - 148[39m [90m[39m
[38;5;46m[1de82417][0m[38;5;86m[HTTP][0m [37m-->[39m [37mPOST[39m [37m/wd/hub/session/1de82417-4304-43d3-8ba9-85c72ecc05de/timeouts[39m [90m{"implicit":50}[39m
[38;5;46m[1de82417][0m[38;5;86m[HTTP][0m [37m<-- POST /wd/hub/session/1de82417-4304-43d3-8ba9-85c72ecc05de/timeouts [39m[32m200[39m [90m9 ms - 14[39m [90m[39m
[38;5;46m[1de82417][0m[38;5;86m[HTTP][0m [37m-->[39m [37mGET[39m [37m/wd/hub/session/1de82417-4304-43d3-8ba9-85c72ecc05de/window/rect[39m [90m{}[39m
[38;5;46m[1de82417][0m[38;5;86m[HTTP][0m [37m<-- GET /wd/hub/session/1de82417-4304-43d3-8ba9-85c72ecc05de/window/rect [39m[32m200[39m [90m94 ms - 49[39m [90m[39m
[38;5;46m[1de82417][0m[38;5;86m[HTTP][0m [37m-->[39m [37mPOST[39m [37m/wd/hub/session/1de82417-4304-43d3-8ba9-85c72ecc05de/elements[39m [90m{"using":"xpath","value":"//*[@class = 'android.widget.TextView' and (@text = 'Menu' or . = 'Menu')]"}[39m
[38;5;46m[1de82417][0m[38;5;86m[HTTP][0m [37m<-- POST /wd/hub/session/1de82417-4304-43d3-8ba9-85c72ecc05de/elements [39m[32m200[39m [90m1538 ms - 12[39m [90m[39m
[38;5;46m[1de82417][0m[38;5;86m[HTTP][0m [37m-->[39m [37mPOST[39m [37m/wd/hub/session/1de82417-4304-43d3-8ba9-85c72ecc05de/elements[39m [90m{"using":"xpath","value":"//*[@class = 'android.widget.TextView' and (@text = 'Menu' or . = 'Menu')]"}[39m
[38;5;46m[1de82417][0m[38;5;86m[HTTP][0m [37m<-- POST /wd/hub/session/1de82417-4304-43d3-8ba9-85c72ecc05de/elements [39m[32m200[39m [90m500 ms - 12[39m [90m[39m
[38;5;46m[1de82417][0m[38;5;86m[HTTP][0m [37m-->[39m [37mPOST[39m [37m/wd/hub/session/1de82417-4304-43d3-8ba9-85c72ecc05de/elements[39m [90m{"using":"xpath","value":"//*[@class = 'android.widget.TextView' and (@text = 'Menu' or . = 'Menu')]"}[39m
[38;5;46m[1de82417][0m[38;5;86m[HTTP][0m [37m<-- POST /wd/hub/session/1de82417-4304-43d3-8ba9-85c72ecc05de/elements [39m[32m200[39m [90m262 ms - 12[39m [90m[39m
[38;5;46m[1de82417][0m[38;5;86m[HTTP][0m [37m-->[39m [37mPOST[39m [37m/wd/hub/session/1de82417-4304-43d3-8ba9-85c72ecc05de/elements[39m [90m{"using":"xpath","value":"//*[@class = 'android.widget.TextView' and (@text = 'Menu' or . = 'Menu')]"}[39m
[38;5;46m[1de82417][0m[38;5;86m[HTTP][0m [37m<-- POST /wd/hub/session/1de82417-4304-43d3-8ba9-85c72ecc05de/elements [39m[32m200[39m [90m170 ms - 12[39m [90m[39m
[38;5;46m[1de82417][0m[38;5;86m[HTTP][0m [37m-->[39m [37mPOST[39m [37m/wd/hub/session/1de82417-4304-43d3-8ba9-85c72ecc05de/elements[39m [90m{"using":"xpath","value":"//*[@class = 'android.widget.TextView' and (@text = 'Menu' or . = 'Menu')]"}[39m
[38;5;46m[1de82417][0m[38;5;86m[HTTP][0m [37m<-- POST /wd/hub/session/1de82417-4304-43d3-8ba9-85c72ecc05de/elements [39m[32m200[39m [90m143 ms - 12[39m [90m[39m
[38;5;46m[1de82417][0m[38;5;86m[HTTP][0m [37m-->[39m [37mPOST[39m [37m/wd/hub/session/1de82417-4304-43d3-8ba9-85c72ecc05de/elements[39m [90m{"using":"xpath","value":"//*[@class = 'android.widget.TextView' and (@text = 'Menu' or . = 'Menu')]"}[39m
[38;5;46m[1de82417][0m[38;5;86m[HTTP][0m [37m<-- POST /wd/hub/session/1de82417-4304-43d3-8ba9-85c72ecc05de/elements [39m[32m200[39m [90m182 ms - 12[39m [90m[39m
[38;5;46m[1de82417][0m[38;5;86m[HTTP][0m [37m-->[39m [37mPOST[39m [37m/wd/hub/session/1de82417-4304-43d3-8ba9-85c72ecc05de/elements[39m [90m{"using":"xpath","value":"//*[@class = 'android.widget.TextView' and (@text = 'Menu' or . = 'Menu')]"}[39m
[38;5;46m[1de82417][0m[38;5;86m[HTTP][0m [37m<-- POST /wd/hub/session/1de82417-4304-43d3-8ba9-85c72ecc05de/elements [39m[32m200[39m [90m158 ms - 12[39m [90m[39m
[38;5;46m[1de82417][0m[38;5;86m[HTTP][0m [37m-->[39m [37mPOST[39m [37m/wd/hub/session/1de82417-4304-43d3-8ba9-85c72ecc05de/elements[39m [90m{"using":"xpath","value":"//*[@class = 'android.widget.TextView' and (@text = 'Menu' or . = 'Menu')]"}[39m
[38;5;46m[1de82417][0m[38;5;86m[HTTP][0m [37m<-- POST /wd/hub/session/1de82417-4304-43d3-8ba9-85c72ecc05de/elements [39m[32m200[39m [90m1368 ms - 139[39m [90m[39m
[38;5;46m[1de82417][0m[38;5;86m[HTTP][0m [37m-->[39m [37mGET[39m [37m/wd/hub/session/1de82417-4304-43d3-8ba9-85c72ecc05de/element/00000000-0000-01a4-ffff-ffff00000096/location[39m [90m{}[39m
[38;5;46m[1de82417][0m[38;5;-127m[AndroidUiautomator2Driver@68ec][0m Driver proxy active, passing request on via HTTP proxy
[38;5;46m[1de82417][0m[38;5;-127m[AndroidUiautomator2Driver@68ec][0m Replacing sessionId 5d66e6bd-c237-4ad2-a986-cef40822f9fa with 1de82417-4304-43d3-8ba9-85c72ecc05de
[38;5;46m[1de82417][0m[38;5;86m[HTTP][0m [37m<-- GET /wd/hub/session/1de82417-4304-43d3-8ba9-85c72ecc05de/element/00000000-0000-01a4-ffff-ffff00000096/location [39m[32m200[39m [90m1836 ms - 78[39m [90m[39m
[38;5;46m[1de82417][0m[38;5;86m[HTTP][0m [37m-->[39m [37mPOST[39m [37m/wd/hub/session/1de82417-4304-43d3-8ba9-85c72ecc05de/timeouts[39m [90m{"implicit":30000}[39m
[38;5;46m[1de82417][0m[38;5;86m[HTTP][0m [37m<-- POST /wd/hub/session/1de82417-4304-43d3-8ba9-85c72ecc05de/timeouts [39m[32m200[39m [90m3 ms - 14[39m [90m[39m
[38;5;46m[1de82417][0m[38;5;86m[HTTP][0m [37m-->[39m [37mPOST[39m [37m/wd/hub/session/1de82417-4304-43d3-8ba9-85c72ecc05de/element/00000000-0000-01a4-ffff-ffff00000096/click[39m [90m{"id":"00000000-0000-01a4-ffff-ffff00000096"}[39m
[38;5;46m[1de82417][0m[38;5;86m[HTTP][0m [37m<-- POST /wd/hub/session/1de82417-4304-43d3-8ba9-85c72ecc05de/element/00000000-0000-01a4-ffff-ffff00000096/click [39m[32m200[39m [90m1850 ms - 14[39m [90m[39m
[38;5;46m[1de82417][0m[38;5;86m[HTTP][0m [37m-->[39m [37mPOST[39m [37m/wd/hub/session/1de82417-4304-43d3-8ba9-85c72ecc05de/timeouts[39m [90m{"implicit":50}[39m
[38;5;46m[1de82417][0m[38;5;86m[HTTP][0m [37m<-- POST /wd/hub/session/1de82417-4304-43d3-8ba9-85c72ecc05de/timeouts [39m[32m200[39m [90m6 ms - 14[39m [90m[39m
[38;5;46m[1de82417][0m[38;5;86m[HTTP][0m [37m-->[39m [37mGET[39m [37m/wd/hub/session/1de82417-4304-43d3-8ba9-85c72ecc05de/window/rect[39m [90m{}[39m
[38;5;46m[1de82417][0m[38;5;86m[HTTP][0m [37m<-- GET /wd/hub/session/1de82417-4304-43d3-8ba9-85c72ecc05de/window/rect [39m[32m200[39m [90m40 ms - 49[39m [90m[39m
[38;5;46m[1de82417][0m[38;5;86m[HTTP][0m [37m-->[39m [37mPOST[39m [37m/wd/hub/session/1de82417-4304-43d3-8ba9-85c72ecc05de/elements[39m [90m{"using":"xpath","value":"//*[@class = 'android.widget.TextView' and (@text = 'BEAUTY' or . = 'BEAUTY')]"}[39m
[38;5;46m[1de82417][0m[38;5;86m[HTTP][0m [37m<-- POST /wd/hub/session/1de82417-4304-43d3-8ba9-85c72ecc05de/elements [39m[32m200[39m [90m2072 ms - 139[39m [90m[39m
[38;5;46m[1de82417][0m[38;5;86m[HTTP][0m [37m-->[39m [37mGET[39m [37m/wd/hub/session/1de82417-4304-43d3-8ba9-85c72ecc05de/element/00000000-0000-01a4-ffff-ffff00000169/location[39m [90m{}[39m
[38;5;46m[1de82417][0m[38;5;-127m[AndroidUiautomator2Driver@68ec][0m Driver proxy active, passing request on via HTTP proxy
[38;5;46m[1de82417][0m[38;5;-127m[AndroidUiautomator2Driver@68ec][0m Replacing sessionId 5d66e6bd-c237-4ad2-a986-cef40822f9fa with 1de82417-4304-43d3-8ba9-85c72ecc05de
[38;5;46m[1de82417][0m[38;5;86m[HTTP][0m [37m<-- GET /wd/hub/session/1de82417-4304-43d3-8ba9-85c72ecc05de/element/00000000-0000-01a4-ffff-ffff00000169/location [39m[32m200[39m [90m50 ms - 77[39m [90m[39m
[38;5;46m[1de82417][0m[38;5;86m[HTTP][0m [37m-->[39m [37mPOST[39m [37m/wd/hub/session/1de82417-4304-43d3-8ba9-85c72ecc05de/timeouts[39m [90m{"implicit":30000}[39m
[38;5;46m[1de82417][0m[38;5;86m[HTTP][0m [37m<-- POST /wd/hub/session/1de82417-4304-43d3-8ba9-85c72ecc05de/timeouts [39m[32m200[39m [90m4 ms - 14[39m [90m[39m
[38;5;46m[1de82417][0m[38;5;86m[HTTP][0m [37m-->[39m [37mPOST[39m [37m/wd/hub/session/1de82417-4304-43d3-8ba9-85c72ecc05de/element/00000000-0000-01a4-ffff-ffff00000169/click[39m [90m{"id":"00000000-0000-01a4-ffff-ffff00000169"}[39m
[38;5;46m[1de82417][0m[38;5;86m[HTTP][0m [37m<-- POST /wd/hub/session/1de82417-4304-43d3-8ba9-85c72ecc05de/element/00000000-0000-01a4-ffff-ffff00000169/click [39m[32m200[39m [90m126 ms - 14[39m [90m[39m
[38;5;46m[1de82417][0m[38;5;86m[HTTP][0m [37m-->[39m [37mPOST[39m [37m/wd/hub/session/1de82417-4304-43d3-8ba9-85c72ecc05de/timeouts[39m [90m{"implicit":50}[39m
[38;5;46m[1de82417][0m[38;5;86m[HTTP][0m [37m<-- POST /wd/hub/session/1de82417-4304-43d3-8ba9-85c72ecc05de/timeouts [39m[32m200[39m [90m6 ms - 14[39m [90m[39m
[38;5;46m[1de82417][0m[38;5;86m[HTTP][0m [37m-->[39m [37mGET[39m [37m/wd/hub/session/1de82417-4304-43d3-8ba9-85c72ecc05de/window/rect[39m [90m{}[39m
[38;5;46m[1de82417][0m[38;5;86m[HTTP][0m [37m<-- GET /wd/hub/session/1de82417-4304-43d3-8ba9-85c72ecc05de/window/rect [39m[32m200[39m [90m35 ms - 49[39m [90m[39m
[38;5;46m[1de82417][0m[38;5;86m[HTTP][0m [37m-->[39m [37mPOST[39m [37m/wd/hub/session/1de82417-4304-43d3-8ba9-85c72ecc05de/elements[39m [90m{"using":"xpath","value":"//*[@class = 'android.widget.TextView' and (@text = 'Make Up' or . = 'Make Up')]"}[39m
[38;5;46m[1de82417][0m[38;5;86m[HTTP][0m [37m<-- POST /wd/hub/session/1de82417-4304-43d3-8ba9-85c72ecc05de/elements [39m[32m200[39m [90m2652 ms - 139[39m [90m[39m
[38;5;46m[1de82417][0m[38;5;86m[HTTP][0m [37m-->[39m [37mGET[39m [37m/wd/hub/session/1de82417-4304-43d3-8ba9-85c72ecc05de/element/00000000-0000-01a4-ffff-ffff00000209/location[39m [90m{}[39m
[38;5;46m[1de82417][0m[38;5;-127m[AndroidUiautomator2Driver@68ec][0m Driver proxy active, passing request on via HTTP proxy
[38;5;46m[1de82417][0m[38;5;-127m[AndroidUiautomator2Driver@68ec][0m Replacing sessionId 5d66e6bd-c237-4ad2-a986-cef40822f9fa with 1de82417-4304-43d3-8ba9-85c72ecc05de
[38;5;46m[1de82417][0m[38;5;86m[HTTP][0m [37m<-- GET /wd/hub/session/1de82417-4304-43d3-8ba9-85c72ecc05de/element/00000000-0000-01a4-ffff-ffff00000209/location [39m[32m200[39m [90m670 ms - 78[39m [90m[39m
[38;5;46m[1de82417][0m[38;5;86m[HTTP][0m [37m-->[39m [37mPOST[39m [37m/wd/hub/session/1de82417-4304-43d3-8ba9-85c72ecc05de/timeouts[39m [90m{"implicit":30000}[39m
[38;5;46m[1de82417][0m[38;5;86m[HTTP][0m [37m<-- POST /wd/hub/session/1de82417-4304-43d3-8ba9-85c72ecc05de/timeouts [39m[32m200[39m [90m3 ms - 14[39m [90m[39m
[38;5;46m[1de82417][0m[38;5;86m[HTTP][0m [37m-->[39m [37mPOST[39m [37m/wd/hub/session/1de82417-4304-43d3-8ba9-85c72ecc05de/element/00000000-0000-01a4-ffff-ffff00000209/click[39m [90m{"id":"00000000-0000-01a4-ffff-ffff00000209"}[39m
[38;5;46m[1de82417][0m[38;5;86m[HTTP][0m [37m<-- POST /wd/hub/session/1de82417-4304-43d3-8ba9-85c72ecc05de/element/00000000-0000-01a4-ffff-ffff00000209/click [39m[32m200[39m [90m108 ms - 14[39m [90m[39m
[38;5;46m[1de82417][0m[38;5;86m[HTTP][0m [37m-->[39m [37mPOST[39m [37m/wd/hub/session/1de82417-4304-43d3-8ba9-85c72ecc05de/timeouts[39m [90m{"implicit":50}[39m
[38;5;46m[1de82417][0m[38;5;86m[HTTP][0m [37m<-- POST /wd/hub/session/1de82417-4304-43d3-8ba9-85c72ecc05de/timeouts [39m[32m200[39m [90m4 ms - 14[39m [90m[39m
[38;5;46m[1de82417][0m[38;5;86m[HTTP][0m [37m-->[39m [37mGET[39m [37m/wd/hub/session/1de82417-4304-43d3-8ba9-85c72ecc05de/window/rect[39m [90m{}[39m
[38;5;46m[1de82417][0m[38;5;86m[HTTP][0m [37m<-- GET /wd/hub/session/1de82417-4304-43d3-8ba9-85c72ecc05de/window/rect [39m[32m200[39m [90m37 ms - 49[39m [90m[39m
[38;5;46m[1de82417][0m[38;5;86m[HTTP][0m [37m-->[39m [37mPOST[39m [37m/wd/hub/session/1de82417-4304-43d3-8ba9-85c72ecc05de/elements[39m [90m{"using":"xpath","value":"//*[@class = 'android.widget.TextView' and (@text = 'Brilliant Colours Hyper Hydra Pressed Powder 7g (Natural)' or . = 'Brilliant Colours Hyper Hydra Pressed Powder 7g (Natural)')]"}[39m
[38;5;46m[1de82417][0m[38;5;86m[HTTP][0m [37m<-- POST /wd/hub/session/1de82417-4304-43d3-8ba9-85c72ecc05de/elements [39m[32m200[39m [90m2467 ms - 12[39m [90m[39m
[38;5;46m[1de82417][0m[38;5;86m[HTTP][0m [37m-->[39m [37mPOST[39m [37m/wd/hub/session/1de82417-4304-43d3-8ba9-85c72ecc05de/elements[39m [90m{"using":"xpath","value":"//*[@class = 'android.widget.TextView' and (@text = 'Brilliant Colours Hyper Hydra Pressed Powder 7g (Natural)' or . = 'Brilliant Colours Hyper Hydra Pressed Powder 7g (Natural)')]"}[39m
[38;5;46m[1de82417][0m[38;5;86m[HTTP][0m [37m<-- POST /wd/hub/session/1de82417-4304-43d3-8ba9-85c72ecc05de/elements [39m[32m200[39m [90m539 ms - 12[39m [90m[39m
[38;5;46m[1de82417][0m[38;5;86m[HTTP][0m [37m-->[39m [37mPOST[39m [37m/wd/hub/session/1de82417-4304-43d3-8ba9-85c72ecc05de/elements[39m [90m{"using":"xpath","value":"//*[@class = 'android.widget.TextView' and (@text = 'Brilliant Colours Hyper Hydra Pressed Powder 7g (Natural)' or . = 'Brilliant Colours Hyper Hydra Pressed Powder 7g (Natural)')]"}[39m
[38;5;46m[1de82417][0m[38;5;86m[HTTP][0m [37m<-- POST /wd/hub/session/1de82417-4304-43d3-8ba9-85c72ecc05de/elements [39m[32m200[39m [90m1474 ms - 12[39m [90m[39m
[38;5;46m[1de82417][0m[38;5;86m[HTTP][0m [37m-->[39m [37mPOST[39m [37m/wd/hub/session/1de82417-4304-43d3-8ba9-85c72ecc05de/elements[39m [90m{"using":"xpath","value":"//*[@class = 'android.widget.TextView' and (@text = 'Brilliant Colours Hyper Hydra Pressed Powder 7g (Natural)' or . = 'Brilliant Colours Hyper Hydra Pressed Powder 7g (Natural)')]"}[39m
[38;5;46m[1de82417][0m[38;5;86m[HTTP][0m [37m<-- POST /wd/hub/session/1de82417-4304-43d3-8ba9-85c72ecc05de/elements [39m[32m200[39m [90m1335 ms - 12[39m [90m[39m
[38;5;46m[1de82417][0m[38;5;86m[HTTP][0m [37m-->[39m [37mPOST[39m [37m/wd/hub/session/1de82417-4304-43d3-8ba9-85c72ecc05de/elements[39m [90m{"using":"xpath","value":"//*[@class = 'android.widget.TextView' and (@text = 'Brilliant Colours Hyper Hydra Pressed Powder 7g (Natural)' or . = 'Brilliant Colours Hyper Hydra Pressed Powder 7g (Natural)')]"}[39m
[38;5;46m[1de82417][0m[38;5;86m[HTTP][0m [37m<-- POST /wd/hub/session/1de82417-4304-43d3-8ba9-85c72ecc05de/elements [39m[32m200[39m [90m881 ms - 139[39m [90m[39m
[38;5;46m[1de82417][0m[38;5;86m[HTTP][0m [37m-->[39m [37mGET[39m [37m/wd/hub/session/1de82417-4304-43d3-8ba9-85c72ecc05de/element/00000000-0000-01a4-ffff-ffff0000025d/location[39m [90m{}[39m
[38;5;46m[1de82417][0m[38;5;-127m[AndroidUiautomator2Driver@68ec][0m Driver proxy active, passing request on via HTTP proxy
[38;5;46m[1de82417][0m[38;5;-127m[AndroidUiautomator2Driver@68ec][0m Replacing sessionId 5d66e6bd-c237-4ad2-a986-cef40822f9fa with 1de82417-4304-43d3-8ba9-85c72ecc05de
[38;5;46m[1de82417][0m[38;5;86m[HTTP][0m [37m<-- GET /wd/hub/session/1de82417-4304-43d3-8ba9-85c72ecc05de/element/00000000-0000-01a4-ffff-ffff0000025d/location [39m[32m200[39m [90m627 ms - 79[39m [90m[39m
[38;5;46m[1de82417][0m[38;5;86m[HTTP][0m [37m-->[39m [37mPOST[39m [37m/wd/hub/session/1de82417-4304-43d3-8ba9-85c72ecc05de/timeouts[39m [90m{"implicit":30000}[39m
[38;5;46m[1de82417][0m[38;5;86m[HTTP][0m [37m<-- POST /wd/hub/session/1de82417-4304-43d3-8ba9-85c72ecc05de/timeouts [39m[32m200[39m [90m4 ms - 14[39m [90m[39m
[38;5;46m[1de82417][0m[38;5;86m[HTTP][0m [37m-->[39m [37mPOST[39m [37m/wd/hub/session/1de82417-4304-43d3-8ba9-85c72ecc05de/element/00000000-0000-01a4-ffff-ffff0000025d/click[39m [90m{"id":"00000000-0000-01a4-ffff-ffff0000025d"}[39m
[38;5;46m[1de82417][0m[38;5;86m[HTTP][0m [37m<-- POST /wd/hub/session/1de82417-4304-43d3-8ba9-85c72ecc05de/element/00000000-0000-01a4-ffff-ffff0000025d/click [39m[32m200[39m [90m126 ms - 14[39m [90m[39m
[38;5;46m[1de82417][0m[38;5;86m[HTTP][0m [37m-->[39m [37mPOST[39m [37m/wd/hub/session/1de82417-4304-43d3-8ba9-85c72ecc05de/timeouts[39m [90m{"implicit":50}[39m
[38;5;46m[1de82417][0m[38;5;86m[HTTP][0m [37m<-- POST /wd/hub/session/1de82417-4304-43d3-8ba9-85c72ecc05de/timeouts [39m[32m200[39m [90m6 ms - 14[39m [90m[39m
[38;5;46m[1de82417][0m[38;5;86m[HTTP][0m [37m-->[39m [37mGET[39m [37m/wd/hub/session/1de82417-4304-43d3-8ba9-85c72ecc05de/window/rect[39m [90m{}[39m
[38;5;46m[1de82417][0m[38;5;86m[HTTP][0m [37m<-- GET /wd/hub/session/1de82417-4304-43d3-8ba9-85c72ecc05de/window/rect [39m[32m200[39m [90m29 ms - 49[39m [90m[39m
[38;5;46m[1de82417][0m[38;5;86m[HTTP][0m [37m-->[39m [37mPOST[39m [37m/wd/hub/session/1de82417-4304-43d3-8ba9-85c72ecc05de/elements[39m [90m{"using":"xpath","value":"//*[@class = 'android.widget.EditText' and (@text = '1' or . = '1')]"}[39m
[38;5;46m[1de82417][0m[38;5;86m[HTTP][0m [37m<-- POST /wd/hub/session/1de82417-4304-43d3-8ba9-85c72ecc05de/elements [39m[32m200[39m [90m1306 ms - 139[39m [90m[39m
[38;5;46m[1de82417][0m[38;5;86m[HTTP][0m [37m-->[39m [37mGET[39m [37m/wd/hub/session/1de82417-4304-43d3-8ba9-85c72ecc05de/element/00000000-0000-01a4-ffff-ffff0000026c/location[39m [90m{}[39m
[38;5;46m[1de82417][0m[38;5;-127m[AndroidUiautomator2Driver@68ec][0m Driver proxy active, passing request on via HTTP proxy
[38;5;46m[1de82417][0m[38;5;-127m[AndroidUiautomator2Driver@68ec][0m Replacing sessionId 5d66e6bd-c237-4ad2-a986-cef40822f9fa with 1de82417-4304-43d3-8ba9-85c72ecc05de
[38;5;46m[1de82417][0m[38;5;86m[HTTP][0m [37m<-- GET /wd/hub/session/1de82417-4304-43d3-8ba9-85c72ecc05de/element/00000000-0000-01a4-ffff-ffff0000026c/location [39m[32m200[39m [90m541 ms - 78[39m [90m[39m
[38;5;46m[1de82417][0m[38;5;86m[HTTP][0m [37m-->[39m [37mPOST[39m [37m/wd/hub/session/1de82417-4304-43d3-8ba9-85c72ecc05de/timeouts[39m [90m{"implicit":30000}[39m
[38;5;46m[1de82417][0m[38;5;86m[HTTP][0m [37m<-- POST /wd/hub/session/1de82417-4304-43d3-8ba9-85c72ecc05de/timeouts [39m[32m200[39m [90m4 ms - 14[39m [90m[39m
[38;5;46m[1de82417][0m[38;5;86m[HTTP][0m [37m-->[39m [37mPOST[39m [37m/wd/hub/session/1de82417-4304-43d3-8ba9-85c72ecc05de/element/00000000-0000-01a4-ffff-ffff0000026c/click[39m [90m{"id":"00000000-0000-01a4-ffff-ffff0000026c"}[39m
[38;5;46m[1de82417][0m[38;5;86m[HTTP][0m [37m<-- POST /wd/hub/session/1de82417-4304-43d3-8ba9-85c72ecc05de/element/00000000-0000-01a4-ffff-ffff0000026c/click [39m[32m200[39m [90m1482 ms - 14[39m [90m[39m
[38;5;46m[1de82417][0m[38;5;86m[HTTP][0m [37m-->[39m [37mPOST[39m [37m/wd/hub/session/1de82417-4304-43d3-8ba9-85c72ecc05de/timeouts[39m [90m{"implicit":50}[39m
[38;5;46m[1de82417][0m[38;5;86m[HTTP][0m [37m<-- POST /wd/hub/session/1de82417-4304-43d3-8ba9-85c72ecc05de/timeouts [39m[32m200[39m [90m5 ms - 14[39m [90m[39m
[38;5;46m[1de82417][0m[38;5;86m[HTTP][0m [37m-->[39m [37mGET[39m [37m/wd/hub/session/1de82417-4304-43d3-8ba9-85c72ecc05de/window/rect[39m [90m{}[39m
[38;5;46m[1de82417][0m[38;5;86m[HTTP][0m [37m<-- GET /wd/hub/session/1de82417-4304-43d3-8ba9-85c72ecc05de/window/rect [39m[32m200[39m [90m30 ms - 49[39m [90m[39m
[38;5;46m[1de82417][0m[38;5;86m[HTTP][0m [37m-->[39m [37mPOST[39m [37m/wd/hub/session/1de82417-4304-43d3-8ba9-85c72ecc05de/elements[39m [90m{"using":"xpath","value":"//*[@class = 'android.widget.TextView' and (@text = 'Add to Bag' or . = 'Add to Bag')]"}[39m
[38;5;46m[1de82417][0m[38;5;86m[HTTP][0m [37m<-- POST /wd/hub/session/1de82417-4304-43d3-8ba9-85c72ecc05de/elements [39m[32m200[39m [90m385 ms - 139[39m [90m[39m
[38;5;46m[1de82417][0m[38;5;86m[HTTP][0m [37m-->[39m [37mGET[39m [37m/wd/hub/session/1de82417-4304-43d3-8ba9-85c72ecc05de/element/00000000-0000-01a4-ffff-ffff0000026e/location[39m [90m{}[39m
[38;5;46m[1de82417][0m[38;5;-127m[AndroidUiautomator2Driver@68ec][0m Driver proxy active, passing request on via HTTP proxy
[38;5;46m[1de82417][0m[38;5;-127m[AndroidUiautomator2Driver@68ec][0m Replacing sessionId 5d66e6bd-c237-4ad2-a986-cef40822f9fa with 1de82417-4304-43d3-8ba9-85c72ecc05de
[38;5;46m[1de82417][0m[38;5;86m[HTTP][0m [37m<-- GET /wd/hub/session/1de82417-4304-43d3-8ba9-85c72ecc05de/element/00000000-0000-01a4-ffff-ffff0000026e/location [39m[32m200[39m [90m53 ms - 78[39m [90m[39m
[38;5;46m[1de82417][0m[38;5;86m[HTTP][0m [37m-->[39m [37mPOST[39m [37m/wd/hub/session/1de82417-4304-43d3-8ba9-85c72ecc05de/timeouts[39m [90m{"implicit":30000}[39m
[38;5;46m[1de82417][0m[38;5;86m[HTTP][0m [37m<-- POST /wd/hub/session/1de82417-4304-43d3-8ba9-85c72ecc05de/timeouts [39m[32m200[39m [90m7 ms - 14[39m [90m[39m
[38;5;46m[1de82417][0m[38;5;86m[HTTP][0m [37m-->[39m [37mPOST[39m [37m/wd/hub/session/1de82417-4304-43d3-8ba9-85c72ecc05de/element/00000000-0000-01a4-ffff-ffff0000026e/click[39m [90m{"id":"00000000-0000-01a4-ffff-ffff0000026e"}[39m
[38;5;46m[1de82417][0m[38;5;86m[HTTP][0m [37m<-- POST /wd/hub/session/1de82417-4304-43d3-8ba9-85c72ecc05de/element/00000000-0000-01a4-ffff-ffff0000026e/click [39m[32m200[39m [90m98 ms - 14[39m [90m[39m
[38;5;46m[1de82417][0m[38;5;86m[HTTP][0m [37m-->[39m [37mPOST[39m [37m/wd/hub/session/1de82417-4304-43d3-8ba9-85c72ecc05de/timeouts[39m [90m{"implicit":50}[39m
[38;5;46m[1de82417][0m[38;5;86m[HTTP][0m [37m<-- POST /wd/hub/session/1de82417-4304-43d3-8ba9-85c72ecc05de/timeouts [39m[32m200[39m [90m7 ms - 14[39m [90m[39m
[38;5;46m[1de82417][0m[38;5;86m[HTTP][0m [37m-->[39m [37mGET[39m [37m/wd/hub/session/1de82417-4304-43d3-8ba9-85c72ecc05de/window/rect[39m [90m{}[39m
[38;5;46m[1de82417][0m[38;5;86m[HTTP][0m [37m<-- GET /wd/hub/session/1de82417-4304-43d3-8ba9-85c72ecc05de/window/rect [39m[32m200[39m [90m46 ms - 49[39m [90m[39m
[38;5;46m[1de82417][0m[38;5;86m[HTTP][0m [37m-->[39m [37mPOST[39m [37m/wd/hub/session/1de82417-4304-43d3-8ba9-85c72ecc05de/elements[39m [90m{"using":"xpath","value":"//*[@class = 'android.widget.TextView' and (@text = 'Your Bag' or . = 'Your Bag')]"}[39m
[38;5;46m[1de82417][0m[38;5;86m[HTTP][0m [37m<-- POST /wd/hub/session/1de82417-4304-43d3-8ba9-85c72ecc05de/elements [39m[32m200[39m [90m792 ms - 139[39m [90m[39m
[38;5;46m[1de82417][0m[38;5;86m[HTTP][0m [37m-->[39m [37mGET[39m [37m/wd/hub/session/1de82417-4304-43d3-8ba9-85c72ecc05de/element/00000000-0000-01a4-ffff-ffff0000009c/location[39m [90m{}[39m
[38;5;46m[1de82417][0m[38;5;-127m[AndroidUiautomator2Driver@68ec][0m Driver proxy active, passing request on via HTTP proxy
[38;5;46m[1de82417][0m[38;5;-127m[AndroidUiautomator2Driver@68ec][0m Replacing sessionId 5d66e6bd-c237-4ad2-a986-cef40822f9fa with 1de82417-4304-43d3-8ba9-85c72ecc05de
[38;5;46m[1de82417][0m[38;5;86m[HTTP][0m [37m<-- GET /wd/hub/session/1de82417-4304-43d3-8ba9-85c72ecc05de/element/00000000-0000-01a4-ffff-ffff0000009c/location [39m[32m200[39m [90m47 ms - 79[39m [90m[39m
[38;5;46m[1de82417][0m[38;5;86m[HTTP][0m [37m-->[39m [37mPOST[39m [37m/wd/hub/session/1de82417-4304-43d3-8ba9-85c72ecc05de/timeouts[39m [90m{"implicit":30000}[39m
[38;5;46m[1de82417][0m[38;5;86m[HTTP][0m [37m<-- POST /wd/hub/session/1de82417-4304-43d3-8ba9-85c72ecc05de/timeouts [39m[32m200[39m [90m3 ms - 14[39m [90m[39m
[38;5;46m[1de82417][0m[38;5;86m[HTTP][0m [37m-->[39m [37mPOST[39m [37m/wd/hub/session/1de82417-4304-43d3-8ba9-85c72ecc05de/element/00000000-0000-01a4-ffff-ffff0000009c/click[39m [90m{"id":"00000000-0000-01a4-ffff-ffff0000009c"}[39m
[38;5;46m[1de82417][0m[38;5;86m[HTTP][0m [37m<-- POST /wd/hub/session/1de82417-4304-43d3-8ba9-85c72ecc05de/element/00000000-0000-01a4-ffff-ffff0000009c/click [39m[32m200[39m [90m109 ms - 14[39m [90m[39m
[38;5;46m[1de82417][0m[38;5;86m[HTTP][0m [37m-->[39m [37mGET[39m [37m/wd/hub/session/1de82417-4304-43d3-8ba9-85c72ecc05de/context[39m [90m{}[39m
[38;5;46m[1de82417][0m[38;5;86m[HTTP][0m [37m<-- GET /wd/hub/session/1de82417-4304-43d3-8ba9-85c72ecc05de/context [39m[32m200[39m [90m3 ms - 22[39m [90m[39m
[38;5;46m[1de82417][0m[38;5;86m[HTTP][0m [37m-->[39m [37mGET[39m [37m/wd/hub/session/1de82417-4304-43d3-8ba9-85c72ecc05de/contexts[39m [90m{}[39m
[38;5;46m[1de82417][0m[38;5;86m[HTTP][0m [37m<-- GET /wd/hub/session/1de82417-4304-43d3-8ba9-85c72ecc05de/contexts [39m[32m200[39m [90m397 ms - 24[39m [90m[39m
[38;5;46m[1de82417][0m[38;5;86m[HTTP][0m [37m-->[39m [37mPOST[39m [37m/wd/hub/session/1de82417-4304-43d3-8ba9-85c72ecc05de/context[39m [90m{"name":"NATIVE_APP"}[39m
[38;5;46m[1de82417][0m[38;5;86m[HTTP][0m [37m<-- POST /wd/hub/session/1de82417-4304-43d3-8ba9-85c72ecc05de/context [39m[32m200[39m [90m5 ms - 14[39m [90m[39m
[38;5;46m[1de82417][0m[38;5;86m[HTTP][0m [37m-->[39m [37mGET[39m [37m/wd/hub/session/1de82417-4304-43d3-8ba9-85c72ecc05de/appium/device/current_package[39m [90m{}[39m
[38;5;46m[1de82417][0m[38;5;86m[HTTP][0m [37m<-- GET /wd/hub/session/1de82417-4304-43d3-8ba9-85c72ecc05de/appium/device/current_package [39m[32m200[39m [90m322 ms - 45[39m [90m[39m
[38;5;46m[1de82417][0m[38;5;86m[HTTP][0m [37m-->[39m [37mPOST[39m [37m/wd/hub/session/1de82417-4304-43d3-8ba9-85c72ecc05de/appium/device/terminate_app[39m [90m{"bundleId":"com.ecwid.ShopAt.HappyDayShopping"}[39m
[38;5;46m[1de82417][0m[38;5;-127m[AndroidUiautomator2Driver@68ec][0m Terminating 'com.ecwid.ShopAt.HappyDayShopping'
[38;5;46m[1de82417][0m[38;5;-127m[AndroidUiautomator2Driver@68ec][0m Querying the state of 'com.ecwid.ShopAt.HappyDayShopping'
[38;5;46m[1de82417][0m[38;5;-127m[AndroidUiautomator2Driver@68ec][0m 'com.ecwid.ShopAt.HappyDayShopping' has been successfully terminated
[38;5;46m[1de82417][0m[38;5;86m[HTTP][0m [37m<-- POST /wd/hub/session/1de82417-4304-43d3-8ba9-85c72ecc05de/appium/device/terminate_app [39m[32m200[39m [90m1260 ms - 14[39m [90m[39m
[38;5;46m[1de82417][0m[38;5;86m[HTTP][0m [37m-->[39m [37mPOST[39m [37m/wd/hub/session/1de82417-4304-43d3-8ba9-85c72ecc05de/context[39m [90m{"name":"NATIVE_APP"}[39m
[38;5;46m[1de82417][0m[38;5;86m[HTTP][0m [37m<-- POST /wd/hub/session/1de82417-4304-43d3-8ba9-85c72ecc05de/context [39m[32m200[39m [90m3 ms - 14[39m [90m[39m
[38;5;46m[1de82417][0m[38;5;86m[HTTP][0m [37m-->[39m [37mDELETE[39m [37m/wd/hub/session/1de82417-4304-43d3-8ba9-85c72ecc05de[39m [90m{}[39m
[38;5;46m[1de82417][0m[38;5;176m[AppiumDriver@658e][0m Removing session 1de82417-4304-43d3-8ba9-85c72ecc05de from our master session list
[38;5;46m[1de82417][0m[38;5;229m[ADB][0m com.ecwid.ShopAt.HappyDayShopping was successfully uninstalled
[38;5;46m[1de82417][0m[38;5;-127m[AndroidUiautomator2Driver@68ec][0m Restoring hidden api policy to the device default configuration
[38;5;46m[1de82417][0m[38;5;86m[HTTP][0m [37m<-- DELETE /wd/hub/session/1de82417-4304-43d3-8ba9-85c72ecc05de [39m[32m200[39m [90m3385 ms - 14[39m [90m[39m
